{
  "RSpec": {
    "coverage": {
      "/Users/ashleigh/Projects/Movie-Snaps/app/models/user.rb": [
        1,
        null,
        null,
        1,
        null,
        null,
        null,
        1,
        1,
        1,
        1,
        1,
        null,
        1,
        2,
        2,
        2,
        2,
        2,
        null,
        null,
        null,
        null
      ],
      "/Users/ashleigh/Projects/Movie-Snaps/app/helpers/application_helper.rb": [
        1,
        null
      ],
      "/Users/ashleigh/Projects/Movie-Snaps/app/helpers/comments_helper.rb": [
        1,
        null
      ],
      "/Users/ashleigh/Projects/Movie-Snaps/app/helpers/dashboards_helper.rb": [
        1,
        null
      ],
      "/Users/ashleigh/Projects/Movie-Snaps/app/helpers/likes_helper.rb": [
        1,
        null
      ],
      "/Users/ashleigh/Projects/Movie-Snaps/app/helpers/locations_helper.rb": [
        1,
        null
      ],
      "/Users/ashleigh/Projects/Movie-Snaps/app/helpers/movies_helper.rb": [
        1,
        null
      ],
      "/Users/ashleigh/Projects/Movie-Snaps/app/helpers/photos_helper.rb": [
        1,
        null
      ],
      "/Users/ashleigh/Projects/Movie-Snaps/app/helpers/scenes_helper.rb": [
        1,
        null
      ],
      "/Users/ashleigh/Projects/Movie-Snaps/app/helpers/users_helper.rb": [
        1,
        null
      ],
      "/Users/ashleigh/Projects/Movie-Snaps/app/helpers/visits_helper.rb": [
        1,
        null
      ],
      "/Users/ashleigh/Projects/Movie-Snaps/app/helpers/welcome_helper.rb": [
        1,
        null
      ],
      "/Users/ashleigh/Projects/Movie-Snaps/app/models/comment.rb": [
        1,
        null,
        1,
        1,
        null,
        1,
        null,
        null
      ],
      "/Users/ashleigh/Projects/Movie-Snaps/app/models/like.rb": [
        1,
        null,
        1,
        1,
        null,
        null
      ],
      "/Users/ashleigh/Projects/Movie-Snaps/app/models/location.rb": [
        1,
        null,
        1,
        1,
        null,
        null
      ],
      "/Users/ashleigh/Projects/Movie-Snaps/app/models/photo.rb": [
        1,
        null,
        1,
        1,
        1,
        null,
        1,
        1,
        null,
        null
      ],
      "/Users/ashleigh/Projects/Movie-Snaps/app/models/scene.rb": [
        1,
        null,
        1,
        1,
        1,
        null,
        1,
        1,
        null,
        null
      ],
      "/Users/ashleigh/Projects/Movie-Snaps/app/models/visit.rb": [
        1,
        null,
        1,
        1,
        1,
        1,
        null,
        71,
        1,
        null,
        null
      ],
      "/Users/ashleigh/Projects/Movie-Snaps/app/models/movie.rb": [
        1,
        null,
        1,
        null,
        null
      ],
      "/Users/ashleigh/Projects/Movie-Snaps/app/controllers/welcome_controller.rb": [
        1,
        null,
        1,
        165,
        165,
        165,
        null,
        null,
        null
      ],
      "/Users/ashleigh/Projects/Movie-Snaps/app/controllers/application_controller.rb": [
        1,
        null,
        null,
        1,
        null
      ],
      "/Users/ashleigh/Projects/Movie-Snaps/app/controllers/users_controller.rb": [
        1,
        null,
        1,
        33,
        33,
        33,
        null,
        null,
        1,
        null,
        null,
        1,
        28,
        28,
        null,
        null,
        null
      ],
      "/Users/ashleigh/Projects/Movie-Snaps/app/controllers/comments_controller.rb": [
        1,
        null,
        1,
        3,
        3,
        3,
        3,
        3,
        null,
        null,
        1,
        3,
        null,
        null
      ],
      "/Users/ashleigh/Projects/Movie-Snaps/app/controllers/movies_controller.rb": [
        1,
        null,
        1,
        1,
        1,
        1,
        1,
        1,
        null,
        null,
        1,
        null,
        null,
        1,
        23,
        23,
        null,
        null,
        1,
        18,
        18,
        null,
        null,
        null
      ],
      "/Users/ashleigh/Projects/Movie-Snaps/app/controllers/locations_controller.rb": [
        1,
        null,
        1,
        46,
        null,
        null,
        1,
        2,
        2,
        2,
        null,
        2,
        2,
        2,
        2,
        2,
        null,
        null,
        1,
        null,
        null,
        null,
        1,
        0,
        null,
        null,
        1,
        15,
        15,
        null,
        null,
        1,
        9,
        9,
        null,
        null,
        null
      ],
      "/Users/ashleigh/Projects/Movie-Snaps/app/controllers/dashboards_controller.rb": [
        1,
        null,
        1,
        1,
        null,
        1,
        1,
        1,
        1,
        1,
        0,
        0,
        0,
        null,
        null,
        1,
        1,
        1,
        1,
        1,
        null,
        null,
        null,
        1,
        1,
        1,
        1,
        1,
        0,
        0,
        0,
        null,
        null,
        1,
        1,
        1,
        1,
        1,
        null,
        null,
        null,
        null,
        1,
        null,
        null,
        null
      ],
      "/Users/ashleigh/Projects/Movie-Snaps/app/controllers/likes_controller.rb": [
        1,
        null,
        1,
        8,
        8,
        8,
        null,
        null,
        null
      ],
      "/Users/ashleigh/Projects/Movie-Snaps/app/controllers/visits_controller.rb": [
        1,
        null,
        1,
        2,
        2,
        null,
        null,
        1,
        16,
        0,
        null,
        16,
        16,
        16,
        16,
        16,
        16,
        null,
        null,
        null,
        1,
        null,
        1,
        1,
        1,
        null,
        null,
        null,
        1,
        1,
        null,
        null,
        1,
        1,
        null,
        null,
        null
      ],
      "/Users/ashleigh/Projects/Movie-Snaps/app/controllers/scenes_controller.rb": [
        1,
        null,
        1,
        18,
        18,
        null,
        null,
        1,
        0,
        0,
        null,
        null
      ],
      "/Users/ashleigh/Projects/Movie-Snaps/app/controllers/users/omniauth_callbacks_controller.rb": [
        1,
        null,
        1,
        null,
        2,
        2,
        2,
        2,
        null,
        0,
        0,
        null,
        null,
        null
      ]
    },
    "timestamp": 1436276375
  }
}
