{
  "RSpec": {
    "coverage": {
      "/Users/ashleigh/Projects/Movie-Snaps/app/models/user.rb": [
        1,
        null,
        null,
        1,
        null,
        null,
        null,
        1,
        1,
        1,
        1,
        1,
        null,
        1,
        0,
        0,
        0,
        0,
        0,
        null,
        null,
        null,
        null
      ],
      "/Users/ashleigh/Projects/Movie-Snaps/app/helpers/application_helper.rb": [
        1,
        null
      ],
      "/Users/ashleigh/Projects/Movie-Snaps/app/helpers/comments_helper.rb": [
        1,
        null
      ],
      "/Users/ashleigh/Projects/Movie-Snaps/app/helpers/dashboards_helper.rb": [
        1,
        null
      ],
      "/Users/ashleigh/Projects/Movie-Snaps/app/helpers/likes_helper.rb": [
        1,
        null
      ],
      "/Users/ashleigh/Projects/Movie-Snaps/app/helpers/locations_helper.rb": [
        1,
        null
      ],
      "/Users/ashleigh/Projects/Movie-Snaps/app/helpers/movies_helper.rb": [
        1,
        null
      ],
      "/Users/ashleigh/Projects/Movie-Snaps/app/helpers/photos_helper.rb": [
        1,
        null
      ],
      "/Users/ashleigh/Projects/Movie-Snaps/app/helpers/scenes_helper.rb": [
        1,
        null
      ],
      "/Users/ashleigh/Projects/Movie-Snaps/app/helpers/users_helper.rb": [
        1,
        null
      ],
      "/Users/ashleigh/Projects/Movie-Snaps/app/helpers/visits_helper.rb": [
        1,
        null
      ],
      "/Users/ashleigh/Projects/Movie-Snaps/app/helpers/welcome_helper.rb": [
        1,
        null
      ],
      "/Users/ashleigh/Projects/Movie-Snaps/app/models/visit.rb": [
        1,
        null,
        1,
        1,
        1,
        1,
        null,
        53,
        1,
        null,
        null
      ],
      "/Users/ashleigh/Projects/Movie-Snaps/app/models/comment.rb": [
        1,
        null,
        1,
        1,
        null,
        1,
        null,
        null
      ],
      "/Users/ashleigh/Projects/Movie-Snaps/app/models/like.rb": [
        1,
        null,
        1,
        1,
        null,
        null
      ],
      "/Users/ashleigh/Projects/Movie-Snaps/app/models/location.rb": [
        1,
        null,
        1,
        1,
        null,
        null
      ],
      "/Users/ashleigh/Projects/Movie-Snaps/app/models/photo.rb": [
        1,
        null,
        1,
        1,
        1,
        null,
        1,
        1,
        null,
        null
      ],
      "/Users/ashleigh/Projects/Movie-Snaps/app/models/scene.rb": [
        1,
        null,
        1,
        1,
        1,
        null,
        1,
        1,
        null,
        null
      ],
      "/Users/ashleigh/Projects/Movie-Snaps/app/models/movie.rb": [
        1,
        null,
        1,
        null,
        null
      ],
      "/Users/ashleigh/Projects/Movie-Snaps/app/controllers/welcome_controller.rb": [
        1,
        null,
        1,
        158,
        158,
        158,
        158,
        158,
        null,
        null,
        null
      ],
      "/Users/ashleigh/Projects/Movie-Snaps/app/controllers/application_controller.rb": [
        1,
        null,
        null,
        1,
        null
      ],
      "/Users/ashleigh/Projects/Movie-Snaps/app/controllers/users_controller.rb": [
        1,
        null,
        1,
        10,
        10,
        10,
        null,
        null,
        1,
        null,
        null,
        1,
        0,
        0,
        null,
        null,
        null
      ],
      "/Users/ashleigh/Projects/Movie-Snaps/app/controllers/movies_controller.rb": [
        1,
        null,
        1,
        1,
        1,
        1,
        1,
        1,
        null,
        null,
        1,
        null,
        null,
        1,
        24,
        24,
        null,
        null,
        1,
        26,
        26,
        null,
        null,
        null
      ],
      "/Users/ashleigh/Projects/Movie-Snaps/app/controllers/comments_controller.rb": [
        1,
        null,
        1,
        2,
        2,
        2,
        2,
        2,
        null,
        null,
        1,
        2,
        null,
        null
      ],
      "/Users/ashleigh/Projects/Movie-Snaps/app/controllers/locations_controller.rb": [
        1,
        null,
        1,
        null,
        null,
        1,
        2,
        2,
        2,
        2,
        2,
        2,
        2,
        2,
        null,
        null,
        1,
        0,
        null,
        null,
        1,
        20,
        20,
        null,
        null,
        1,
        272,
        272,
        null,
        null,
        null
      ],
      "/Users/ashleigh/Projects/Movie-Snaps/app/controllers/dashboards_controller.rb": [
        1,
        null,
        1,
        null,
        1,
        null,
        null,
        1,
        1,
        1,
        1,
        1,
        0,
        0,
        0,
        null,
        null,
        1,
        1,
        1,
        1,
        1,
        null,
        null,
        null,
        2,
        null,
        1,
        0,
        null,
        null,
        null,
        1,
        1,
        1,
        1,
        1,
        0,
        0,
        0,
        null,
        null,
        1,
        1,
        1,
        1,
        1,
        null,
        null,
        null,
        null,
        1,
        1,
        1,
        1,
        1,
        1,
        1,
        1,
        0,
        0,
        0,
        null,
        null,
        1,
        1,
        1,
        1,
        1,
        null,
        null,
        null,
        null,
        null,
        null,
        null,
        null,
        null
      ],
      "/Users/ashleigh/Projects/Movie-Snaps/app/controllers/likes_controller.rb": [
        1,
        null,
        1,
        4,
        4,
        4,
        null,
        null,
        null
      ],
      "/Users/ashleigh/Projects/Movie-Snaps/app/controllers/visits_controller.rb": [
        1,
        null,
        1,
        0,
        0,
        null,
        null,
        1,
        12,
        0,
        null,
        12,
        12,
        12,
        12,
        12,
        12,
        null,
        null,
        1,
        0,
        0,
        0,
        null,
        null,
        1,
        0,
        null,
        null,
        1,
        0,
        null,
        null,
        null
      ],
      "/Users/ashleigh/Projects/Movie-Snaps/app/controllers/scenes_controller.rb": [
        1,
        null,
        1,
        11,
        11,
        null,
        null,
        1,
        0,
        0,
        null,
        null
      ]
    },
    "timestamp": 1436359102
  }
}
